<?xml version="1.0" encoding="UTF-8"?>
<!-- Generated by org.testng.reporters.JUnitXMLReporter -->
<testsuite hostname="200411LTP0267" ignored="6" name="smoke" tests="4" failures="0" timestamp="02 May 2018 01:29:30 GMT" time="90.737" errors="0">
  <testcase name="@AfterMethod stopTest" time="0.001" classname="utils.Reporter">
    <failure type="java.lang.NullPointerException">
      <![CDATA[java.lang.NullPointerExceptionat utils.Reporter.stopTest(Reporter.java:41)... Removed 28 stack frames]]>
    </failure>
  </testcase> <!-- @AfterMethod stopTest -->
  <testcase name="@BeforeMethod login" time="0.0" classname="wdMethods.ProjectMethods">
    <skipped/>
  </testcase> <!-- @BeforeMethod login -->
  <testcase name="@AfterMethod close" time="0.0" classname="wdMethods.ProjectMethods">
    <skipped/>
  </testcase> <!-- @AfterMethod close -->
  <testcase name="@AfterMethod stopTest" time="0.0" classname="utils.Reporter">
    <skipped/>
  </testcase> <!-- @AfterMethod stopTest -->
  <testcase name="@BeforeMethod login" time="0.0" classname="wdMethods.ProjectMethods">
    <skipped/>
  </testcase> <!-- @BeforeMethod login -->
  <testcase name="@AfterMethod close" time="0.0" classname="wdMethods.ProjectMethods">
    <skipped/>
  </testcase> <!-- @AfterMethod close -->
  <testcase name="@AfterMethod stopTest" time="0.0" classname="utils.Reporter">
    <skipped/>
  </testcase> <!-- @AfterMethod stopTest -->
  <testcase name="CreateLead" time="13.854" classname="week3.day1.CreateLead_WdM"/>
  <testcase name="deleteLead" time="29.606" classname="week3.day1.DeleteLead_WdM"/>
  <testcase name="DuplicateLead" time="0.0" classname="week3.day1.DuplicateLead_WdM">
    <skipped/>
  </testcase> <!-- DuplicateLead -->
  <testcase name="EditLead" time="0.0" classname="week3.day1.EditLead_WdM">
    <skipped/>
  </testcase> <!-- EditLead -->
  <testcase name="@AfterSuite closeReport" time="0.0" classname="utils.Reporter">
    <ignored/>
  </testcase> <!-- @AfterSuite closeReport -->
  <testcase name="@AfterSuite closeReport" time="0.0" classname="utils.Reporter">
    <ignored/>
  </testcase> <!-- @AfterSuite closeReport -->
  <testcase name="@AfterSuite closeReport" time="0.0" classname="utils.Reporter">
    <ignored/>
  </testcase> <!-- @AfterSuite closeReport -->
  <testcase name="@BeforeSuite startReport" time="0.0" classname="utils.Reporter">
    <ignored/>
  </testcase> <!-- @BeforeSuite startReport -->
  <testcase name="@BeforeSuite startReport" time="0.0" classname="utils.Reporter">
    <ignored/>
  </testcase> <!-- @BeforeSuite startReport -->
  <testcase name="@BeforeSuite startReport" time="0.0" classname="utils.Reporter">
    <ignored/>
  </testcase> <!-- @BeforeSuite startReport -->
</testsuite> <!-- smoke -->
