<?xml version="1.0" encoding="UTF-8"?>
<!-- Generated by org.testng.reporters.JUnitXMLReporter -->
<testsuite hostname="200411LTP0267" ignored="2" name="Test1" tests="2" failures="0" timestamp="02 May 2018 01:50:18 GMT" time="79.154" errors="0">
  <testcase name="@AfterMethod stopTest" time="0.001" classname="utils.Reporter">
    <failure type="java.lang.NullPointerException">
      <![CDATA[java.lang.NullPointerExceptionat utils.Reporter.stopTest(Reporter.java:41)... Removed 28 stack frames]]>
    </failure>
  </testcase> <!-- @AfterMethod stopTest -->
  <testcase name="CreateLead" time="14.014" classname="week3.day1.CreateLead_WdM"/>
  <testcase name="EditLead" time="17.315" classname="week3.day1.EditLead_WdM"/>
  <testcase name="@AfterSuite closeReport" time="0.0" classname="utils.Reporter">
    <ignored/>
  </testcase> <!-- @AfterSuite closeReport -->
  <testcase name="@BeforeSuite startReport" time="0.0" classname="utils.Reporter">
    <ignored/>
  </testcase> <!-- @BeforeSuite startReport -->
</testsuite> <!-- Test1 -->
