<?xml version="1.0" encoding="UTF-8"?>
<!-- Generated by org.testng.reporters.JUnitXMLReporter -->
<testsuite hostname="200411LTP0267" ignored="2" name="Test_parellel" tests="2" failures="0" timestamp="02 May 2018 01:48:58 GMT" time="53.109" errors="0">
  <testcase name="@AfterMethod stopTest" time="0.001" classname="utils.Reporter">
    <failure type="java.lang.NullPointerException">
      <![CDATA[java.lang.NullPointerExceptionat utils.Reporter.stopTest(Reporter.java:41)at java.util.concurrent.ThreadPoolExecutor.runWorker(ThreadPoolExecutor.java:1142)at java.util.concurrent.ThreadPoolExecutor$Worker.run(ThreadPoolExecutor.java:617)at java.lang.Thread.run(Thread.java:744)... Removed 13 stack frames]]>
    </failure>
  </testcase> <!-- @AfterMethod stopTest -->
  <testcase name="@AfterMethod close" time="0.0" classname="wdMethods.ProjectMethods">
    <skipped/>
  </testcase> <!-- @AfterMethod close -->
  <testcase name="@AfterMethod stopTest" time="0.0" classname="utils.Reporter">
    <skipped/>
  </testcase> <!-- @AfterMethod stopTest -->
  <testcase name="DuplicateLead" time="16.886" classname="week3.day1.DuplicateLead_WdM"/>
  <testcase name="deleteLead" time="28.982" classname="week3.day1.DeleteLead_WdM"/>
  <testcase name="@AfterSuite closeReport" time="0.0" classname="utils.Reporter">
    <ignored/>
  </testcase> <!-- @AfterSuite closeReport -->
  <testcase name="@BeforeSuite startReport" time="0.0" classname="utils.Reporter">
    <ignored/>
  </testcase> <!-- @BeforeSuite startReport -->
</testsuite> <!-- Test_parellel -->
