<?xml version="1.0" encoding="UTF-8"?>
<testng-results skipped="0" failed="0" ignored="0" total="1" passed="1">
  <reporter-output>
  </reporter-output>
  <suite name="Default suite" duration-ms="31" started-at="2018-05-02T02:31:45Z" finished-at="2018-05-02T02:31:45Z">
    <groups>
    </groups>
    <test name="Default test" duration-ms="31" started-at="2018-05-02T02:31:45Z" finished-at="2018-05-02T02:31:45Z">
      <class name="collections.OneTimeOccurenceValues">
        <test-method status="PASS" signature="OneTimeOccurence()[pri:0, instance:collections.OneTimeOccurenceValues@6fa38a]" name="OneTimeOccurence" duration-ms="16" started-at="2018-05-02T08:01:45Z" finished-at="2018-05-02T08:01:45Z">
          <reporter-output>
          </reporter-output>
        </test-method> <!-- OneTimeOccurence -->
      </class> <!-- collections.OneTimeOccurenceValues -->
    </test> <!-- Default test -->
  </suite> <!-- Default suite -->
</testng-results>
